<?xml version="1.0" encoding="UTF-8"?>
<!-- Generated by org.testng.reporters.JUnitReportReporter -->
<testsuite skipped="0" hostname="KrishnaYash" name="testNg.ngTest2" tests="1" failures="0" timestamp="22 Jul 2018 17:30:15 GMT" time="0.006" errors="0">
  <testcase name="test1" time="0.006" classname="testNg.ngTest2"/>
</testsuite> <!-- testNg.ngTest2 -->
